<?xml version="1.0" encoding="UTF-8"?>
<!-- Generated by org.testng.reporters.JUnitReportReporter -->
<testsuite hostname="LIN80015404" failures="0" tests="4" name="TestLab.NewTest" time="69.905" errors="0" timestamp="4 Nov 2017 11:42:45 GMT">
  <testcase classname="TestLab.NewTest" name="testset2" time="17.169"/>
  <testcase classname="TestLab.NewTest" name="testset2" time="16.215"/>
  <testcase classname="TestLab.NewTest" name="testset1" time="19.228"/>
  <testcase classname="TestLab.NewTest" name="testset1" time="17.293"/>
</testsuite> <!-- TestLab.NewTest -->
