<?xml version="1.0" encoding="UTF-8"?>
<!-- Generated by org.testng.reporters.JUnitReportReporter -->
<testsuite hostname="LIN80015404" failures="0" tests="4" name="TestLab.NewTest" time="68.737" errors="0" timestamp="1 Nov 2017 10:27:38 GMT">
  <testcase classname="TestLab.NewTest" name="testset1" time="20.110"/>
  <testcase classname="TestLab.NewTest" name="testset2" time="15.310"/>
  <testcase classname="TestLab.NewTest" name="testset1" time="17.790"/>
  <testcase classname="TestLab.NewTest" name="testset2" time="15.527"/>
</testsuite> <!-- TestLab.NewTest -->
